#
# There is insufficient memory for the Java Runtime Environment to continue.
# Native memory allocation (malloc) failed to allocate 415136 bytes for Chunk::new
# Possible reasons:
#   The system is out of physical RAM or swap space
#   In 32 bit mode, the process size limit was hit
# Possible solutions:
#   Reduce memory load on the system
#   Increase physical memory or swap space
#   Check if swap backing store is full
#   Use 64 bit Java on a 64 bit OS
#   Decrease Java heap size (-Xmx/-Xms)
#   Decrease number of Java threads
#   Decrease Java thread stack sizes (-Xss)
#   Set larger code cache with -XX:ReservedCodeCacheSize=
# This output file may be truncated or incomplete.
#
#  Out of Memory Error (allocation.cpp:390), pid=2228, tid=3796
#
# JRE version: Java(TM) SE Runtime Environment (8.0_20-b26) (build 1.8.0_20-b26)
# Java VM: Java HotSpot(TM) 64-Bit Server VM (25.20-b23 mixed mode windows-amd64 compressed oops)
# Failed to write core dump. Minidumps are not enabled by default on client versions of Windows
#

---------------  T H R E A D  ---------------

Current thread (0x0000000054fbc800):  JavaThread "C2 CompilerThread1" daemon [_thread_in_native, id=3796, stack(0x0000000056550000,0x0000000056650000)]

Stack: [0x0000000056550000,0x0000000056650000]
Native frames: (J=compiled Java code, j=interpreted, Vv=VM code, C=native code)
V  [jvm.dll+0x3152fa]


Current CompileTask:
C2:  18497  218       4       planer.Planer::states_equal (213 bytes)


---------------  P R O C E S S  ---------------

Java Threads: ( => current thread )
  0x00000000567d3800 JavaThread "Service Thread" daemon [_thread_blocked, id=8592, stack(0x0000000056e70000,0x0000000056f70000)]
  0x0000000054fbe000 JavaThread "C1 CompilerThread2" daemon [_thread_blocked, id=7416, stack(0x0000000056c80000,0x0000000056d80000)]
=>0x0000000054fbc800 JavaThread "C2 CompilerThread1" daemon [_thread_in_native, id=3796, stack(0x0000000056550000,0x0000000056650000)]
  0x0000000054fb5000 JavaThread "C2 CompilerThread0" daemon [_thread_blocked, id=3080, stack(0x0000000056650000,0x0000000056750000)]
  0x0000000054fb3800 JavaThread "Attach Listener" daemon [_thread_blocked, id=3792, stack(0x0000000055f40000,0x0000000056040000)]
  0x0000000054fb0800 JavaThread "Signal Dispatcher" daemon [_thread_blocked, id=7744, stack(0x0000000056380000,0x0000000056480000)]
  0x0000000054f54000 JavaThread "Finalizer" daemon [_thread_blocked, id=6936, stack(0x0000000056150000,0x0000000056250000)]
  0x0000000054f4b000 JavaThread "Reference Handler" daemon [_thread_blocked, id=8904, stack(0x0000000056250000,0x0000000056350000)]
  0x000000000214e000 JavaThread "main" [_thread_in_Java, id=8376, stack(0x0000000002450000,0x0000000002550000)]

Other Threads:
  0x0000000054f45800 VMThread [stack: 0x0000000056050000,0x0000000056150000] [id=400]
  0x00000000567df000 WatcherThread [stack: 0x0000000057080000,0x0000000057180000] [id=2292]

VM state:not at safepoint (normal execution)

VM Mutex/Monitor currently owned by a thread: None

Heap:
 PSYoungGen      total 63488K, used 44211K [0x00000000eb200000, 0x00000000f0300000, 0x0000000100000000)
  eden space 62976K, 70% used [0x00000000eb200000,0x00000000edd0cea8,0x00000000eef80000)
  from space 512K, 25% used [0x00000000f0200000,0x00000000f0220000,0x00000000f0280000)
  to   space 512K, 0% used [0x00000000f0280000,0x00000000f0280000,0x00000000f0300000)
 ParOldGen       total 44032K, used 12558K [0x00000000c1600000, 0x00000000c4100000, 0x00000000eb200000)
  object space 44032K, 28% used [0x00000000c1600000,0x00000000c22439d8,0x00000000c4100000)
 Metaspace       used 2643K, capacity 4552K, committed 4864K, reserved 1056768K
  class space    used 278K, capacity 388K, committed 512K, reserved 1048576K

Card table byte_map: [0x0000000011be0000,0x0000000011de0000] byte_map_base: 0x00000000115d5000

Marking Bits: (ParMarkBitMap*) 0x000000006b6cb460
 Begin Bits: [0x0000000012470000, 0x0000000013418000)
 End Bits:   [0x0000000013418000, 0x00000000143c0000)

Polling page: 0x0000000001b60000

CodeCache: size=245760Kb used=2104Kb max_used=2117Kb free=243655Kb
 bounds [0x0000000002820000, 0x0000000002a90000, 0x0000000011820000]
 total_blobs=449 nmethods=217 adapters=146
 compilation: enabled

Compilation events (10 events):
Event: 2.690 Thread 0x0000000054fb5000 nmethod 213 0x00000000029fc4d0 code [0x00000000029fc600, 0x00000000029fc678]
Event: 3.416 Thread 0x0000000054fbc800  214       4       planer.Planer::get_new_states (211 bytes)
Event: 3.573 Thread 0x0000000054fbc800 nmethod 214 0x0000000002a31c10 code [0x0000000002a31fa0, 0x0000000002a348a8]
Event: 3.840 Thread 0x0000000054fb5000  215       4       java.util.ArrayList::sort (48 bytes)
Event: 3.882 Thread 0x0000000054fb5000 nmethod 215 0x0000000002a18550 code [0x0000000002a18760, 0x0000000002a198e0]
Event: 5.092 Thread 0x0000000054fbc800  216 %     4       planer.Planer::states_equal @ 160 (213 bytes)
Event: 5.112 Thread 0x0000000054fbc800 nmethod 216% 0x0000000002a05150 code [0x0000000002a05300, 0x0000000002a05ed8]
Event: 17.383 Thread 0x0000000054fb5000  217       4       java.nio.CharBuffer::arrayOffset (35 bytes)
Event: 17.384 Thread 0x0000000054fb5000 nmethod 217 0x00000000029cc050 code [0x00000000029cc180, 0x00000000029cc1f8]
Event: 18.467 Thread 0x0000000054fbc800  218       4       planer.Planer::states_equal (213 bytes)

GC Heap History (10 events):
Event: 17.736 GC heap before
{Heap before GC invocations=131 (full 0):
 PSYoungGen      total 73728K, used 73344K [0x00000000eb200000, 0x00000000f0300000, 0x0000000100000000)
  eden space 73216K, 100% used [0x00000000eb200000,0x00000000ef980000,0x00000000ef980000)
  from space 512K, 25% used [0x00000000f0280000,0x00000000f02a0000,0x00000000f0300000)
  to   space 512K, 0% used [0x00000000f0200000,0x00000000f0200000,0x00000000f0280000)
 ParOldGen       total 44032K, used 12142K [0x00000000c1600000, 0x00000000c4100000, 0x00000000eb200000)
  object space 44032K, 27% used [0x00000000c1600000,0x00000000c21db9d8,0x00000000c4100000)
 Metaspace       used 2643K, capacity 4552K, committed 4864K, reserved 1056768K
  class space    used 278K, capacity 388K, committed 512K, reserved 1048576K
Event: 17.736 GC heap after
Heap after GC invocations=131 (full 0):
 PSYoungGen      total 73728K, used 128K [0x00000000eb200000, 0x00000000f0300000, 0x0000000100000000)
  eden space 73216K, 0% used [0x00000000eb200000,0x00000000eb200000,0x00000000ef980000)
  from space 512K, 25% used [0x00000000f0200000,0x00000000f0220000,0x00000000f0280000)
  to   space 512K, 0% used [0x00000000f0280000,0x00000000f0280000,0x00000000f0300000)
 ParOldGen       total 44032K, used 12214K [0x00000000c1600000, 0x00000000c4100000, 0x00000000eb200000)
  object space 44032K, 27% used [0x00000000c1600000,0x00000000c21ed9d8,0x00000000c4100000)
 Metaspace       used 2643K, capacity 4552K, committed 4864K, reserved 1056768K
  class space    used 278K, capacity 388K, committed 512K, reserved 1048576K
}
Event: 17.902 GC heap before
{Heap before GC invocations=132 (full 0):
 PSYoungGen      total 73728K, used 73344K [0x00000000eb200000, 0x00000000f0300000, 0x0000000100000000)
  eden space 73216K, 100% used [0x00000000eb200000,0x00000000ef980000,0x00000000ef980000)
  from space 512K, 25% used [0x00000000f0200000,0x00000000f0220000,0x00000000f0280000)
  to   space 512K, 0% used [0x00000000f0280000,0x00000000f0280000,0x00000000f0300000)
 ParOldGen       total 44032K, used 12214K [0x00000000c1600000, 0x00000000c4100000, 0x00000000eb200000)
  object space 44032K, 27% used [0x00000000c1600000,0x00000000c21ed9d8,0x00000000c4100000)
 Metaspace       used 2643K, capacity 4552K, committed 4864K, reserved 1056768K
  class space    used 278K, capacity 388K, committed 512K, reserved 1048576K
Event: 17.902 GC heap after
Heap after GC invocations=132 (full 0):
 PSYoungGen      total 71168K, used 128K [0x00000000eb200000, 0x00000000f0300000, 0x0000000100000000)
  eden space 70656K, 0% used [0x00000000eb200000,0x00000000eb200000,0x00000000ef700000)
  from space 512K, 25% used [0x00000000f0280000,0x00000000f02a0000,0x00000000f0300000)
  to   space 512K, 0% used [0x00000000f0200000,0x00000000f0200000,0x00000000f0280000)
 ParOldGen       total 44032K, used 12310K [0x00000000c1600000, 0x00000000c4100000, 0x00000000eb200000)
  object space 44032K, 27% used [0x00000000c1600000,0x00000000c22059d8,0x00000000c4100000)
 Metaspace       used 2643K, capacity 4552K, committed 4864K, reserved 1056768K
  class space    used 278K, capacity 388K, committed 512K, reserved 1048576K
}
Event: 18.067 GC heap before
{Heap before GC invocations=133 (full 0):
 PSYoungGen      total 71168K, used 70784K [0x00000000eb200000, 0x00000000f0300000, 0x0000000100000000)
  eden space 70656K, 100% used [0x00000000eb200000,0x00000000ef700000,0x00000000ef700000)
  from space 512K, 25% used [0x00000000f0280000,0x00000000f02a0000,0x00000000f0300000)
  to   space 512K, 0% used [0x00000000f0200000,0x00000000f0200000,0x00000000f0280000)
 ParOldGen       total 44032K, used 12310K [0x00000000c1600000, 0x00000000c4100000, 0x00000000eb200000)
  object space 44032K, 27% used [0x00000000c1600000,0x00000000c22059d8,0x00000000c4100000)
 Metaspace       used 2643K, capacity 4552K, committed 4864K, reserved 1056768K
  class space    used 278K, capacity 388K, committed 512K, reserved 1048576K
Event: 18.068 GC heap after
Heap after GC invocations=133 (full 0):
 PSYoungGen      total 68608K, used 128K [0x00000000eb200000, 0x00000000f0300000, 0x0000000100000000)
  eden space 68096K, 0% used [0x00000000eb200000,0x00000000eb200000,0x00000000ef480000)
  from space 512K, 25% used [0x00000000f0200000,0x00000000f0220000,0x00000000f0280000)
  to   space 512K, 0% used [0x00000000f0280000,0x00000000f0280000,0x00000000f0300000)
 ParOldGen       total 44032K, used 12398K [0x00000000c1600000, 0x00000000c4100000, 0x00000000eb200000)
  object space 44032K, 28% used [0x00000000c1600000,0x00000000c221b9d8,0x00000000c4100000)
 Metaspace       used 2643K, capacity 4552K, committed 4864K, reserved 1056768K
  class space    used 278K, capacity 388K, committed 512K, reserved 1048576K
}
Event: 18.221 GC heap before
{Heap before GC invocations=134 (full 0):
 PSYoungGen      total 68608K, used 68224K [0x00000000eb200000, 0x00000000f0300000, 0x0000000100000000)
  eden space 68096K, 100% used [0x00000000eb200000,0x00000000ef480000,0x00000000ef480000)
  from space 512K, 25% used [0x00000000f0200000,0x00000000f0220000,0x00000000f0280000)
  to   space 512K, 0% used [0x00000000f0280000,0x00000000f0280000,0x00000000f0300000)
 ParOldGen       total 44032K, used 12398K [0x00000000c1600000, 0x00000000c4100000, 0x00000000eb200000)
  object space 44032K, 28% used [0x00000000c1600000,0x00000000c221b9d8,0x00000000c4100000)
 Metaspace       used 2643K, capacity 4552K, committed 4864K, reserved 1056768K
  class space    used 278K, capacity 388K, committed 512K, reserved 1048576K
Event: 18.222 GC heap after
Heap after GC invocations=134 (full 0):
 PSYoungGen      total 66048K, used 128K [0x00000000eb200000, 0x00000000f0300000, 0x0000000100000000)
  eden space 65536K, 0% used [0x00000000eb200000,0x00000000eb200000,0x00000000ef200000)
  from space 512K, 25% used [0x00000000f0280000,0x00000000f02a0000,0x00000000f0300000)
  to   space 512K, 0% used [0x00000000f0200000,0x00000000f0200000,0x00000000f0280000)
 ParOldGen       total 44032K, used 12478K [0x00000000c1600000, 0x00000000c4100000, 0x00000000eb200000)
  object space 44032K, 28% used [0x00000000c1600000,0x00000000c222f9d8,0x00000000c4100000)
 Metaspace       used 2643K, capacity 4552K, committed 4864K, reserved 1056768K
  class space    used 278K, capacity 388K, committed 512K, reserved 1048576K
}
Event: 18.366 GC heap before
{Heap before GC invocations=135 (full 0):
 PSYoungGen      total 66048K, used 65664K [0x00000000eb200000, 0x00000000f0300000, 0x0000000100000000)
  eden space 65536K, 100% used [0x00000000eb200000,0x00000000ef200000,0x00000000ef200000)
  from space 512K, 25% used [0x00000000f0280000,0x00000000f02a0000,0x00000000f0300000)
  to   space 512K, 0% used [0x00000000f0200000,0x00000000f0200000,0x00000000f0280000)
 ParOldGen       total 44032K, used 12478K [0x00000000c1600000, 0x00000000c4100000, 0x00000000eb200000)
  object space 44032K, 28% used [0x00000000c1600000,0x00000000c222f9d8,0x00000000c4100000)
 Metaspace       used 2643K, capacity 4552K, committed 4864K, reserved 1056768K
  class space    used 278K, capacity 388K, committed 512K, reserved 1048576K
Event: 18.367 GC heap after
Heap after GC invocations=135 (full 0):
 PSYoungGen      total 63488K, used 128K [0x00000000eb200000, 0x00000000f0300000, 0x0000000100000000)
  eden space 62976K, 0% used [0x00000000eb200000,0x00000000eb200000,0x00000000eef80000)
  from space 512K, 25% used [0x00000000f0200000,0x00000000f0220000,0x00000000f0280000)
  to   space 512K, 0% used [0x00000000f0280000,0x00000000f0280000,0x00000000f0300000)
 ParOldGen       total 44032K, used 12558K [0x00000000c1600000, 0x00000000c4100000, 0x00000000eb200000)
  object space 44032K, 28% used [0x00000000c1600000,0x00000000c22439d8,0x00000000c4100000)
 Metaspace       used 2643K, capacity 4552K, committed 4864K, reserved 1056768K
  class space    used 278K, capacity 388K, committed 512K, reserved 1048576K
}

Deoptimization events (0 events):
No events

Internal exceptions (8 events):
Event: 0.037 Thread 0x000000000214e000 Exception <a 'java/lang/NoSuchMethodError': Method sun.misc.Unsafe.defineClass(Ljava/lang/String;[BII)Ljava/lang/Class; name or signature does not match> (0x00000000eb212160) thrown at [D:\re\workspace\8-2-build-windows-amd64-cygwin\jdk8u20\1074\hotspot\srœ…¯—CÂ¢?
Event: 0.037 Thread 0x000000000214e000 Exception <a 'java/lang/NoSuchMethodError': Method sun.misc.Unsafe.prefetchRead(Ljava/lang/Object;J)V name or signature does not match> (0x00000000eb2123f0) thrown at [D:\re\workspace\8-2-build-windows-amd64-cygwin\jdk8u20\1074\hotspot\src\share\vm\prims\j∏$·Â∂?
Event: 0.089 Thread 0x000000000214e000 Exception <a 'java/security/PrivilegedActionException'> (0x00000000eb2b0b38) thrown at [D:\re\workspace\8-2-build-windows-amd64-cygwin\jdk8u20\1074\hotspot\src\share\vm\prims\jvm.cpp, line 1275]
Event: 0.100 Thread 0x000000000214e000 Exception <a 'java/security/PrivilegedActionException'> (0x00000000eb2c3058) thrown at [D:\re\workspace\8-2-build-windows-amd64-cygwin\jdk8u20\1074\hotspot\src\share\vm\prims\jvm.cpp, line 1275]
Event: 0.102 Thread 0x000000000214e000 Exception <a 'java/security/PrivilegedActionException'> (0x00000000eb2c4ec8) thrown at [D:\re\workspace\8-2-build-windows-amd64-cygwin\jdk8u20\1074\hotspot\src\share\vm\prims\jvm.cpp, line 1275]
Event: 0.103 Thread 0x000000000214e000 Exception <a 'java/security/PrivilegedActionException'> (0x00000000eb2c6a70) thrown at [D:\re\workspace\8-2-build-windows-amd64-cygwin\jdk8u20\1074\hotspot\src\share\vm\prims\jvm.cpp, line 1275]
Event: 0.104 Thread 0x000000000214e000 Exception <a 'java/security/PrivilegedActionException'> (0x00000000eb2c8f50) thrown at [D:\re\workspace\8-2-build-windows-amd64-cygwin\jdk8u20\1074\hotspot\src\share\vm\prims\jvm.cpp, line 1275]
Event: 0.109 Thread 0x000000000214e000 Exception <a 'java/security/PrivilegedActionException'> (0x00000000eb2d0670) thrown at [D:\re\workspace\8-2-build-windows-amd64-cygwin\jdk8u20\1074\hotspot\src\share\vm\prims\jvm.cpp, line 1275]

Events (10 events):
Event: 18.488 Thread 0x000000000214e000 DEOPT PACKING pc=0x00000000029df643 sp=0x000000000254f660
Event: 18.488 Thread 0x000000000214e000 DEOPT UNPACKING pc=0x00000000028675bf sp=0x000000000254f408 mode 0
Event: 18.489 Thread 0x000000000214e000 DEOPT PACKING pc=0x00000000029df643 sp=0x000000000254f660
Event: 18.489 Thread 0x000000000214e000 DEOPT UNPACKING pc=0x00000000028675bf sp=0x000000000254f408 mode 0
Event: 18.490 Thread 0x000000000214e000 DEOPT PACKING pc=0x00000000029df50e sp=0x000000000254f660
Event: 18.490 Thread 0x000000000214e000 DEOPT UNPACKING pc=0x00000000028675bf sp=0x000000000254f408 mode 0
Event: 18.490 Thread 0x000000000214e000 DEOPT PACKING pc=0x00000000029df643 sp=0x000000000254f660
Event: 18.490 Thread 0x000000000214e000 DEOPT UNPACKING pc=0x00000000028675bf sp=0x000000000254f408 mode 0
Event: 18.491 Thread 0x000000000214e000 DEOPT PACKING pc=0x00000000029df643 sp=0x000000000254f660
Event: 18.491 Thread 0x000000000214e000 DEOPT UNPACKING pc=0x00000000028675bf sp=0x000000000254f408 mode 0


Dynamic libraries:
0x000000013f4c0000 - 0x000000013f4f4000 	C:\Program Files\Java\jdk1.8.0_20\bin\java.exe
0x0000000076dc0000 - 0x0000000076f69000 	C:\Windows\SYSTEM32\ntdll.dll
0x0000000076ca0000 - 0x0000000076dbf000 	C:\Windows\system32\kernel32.dll
0x000007fefcd50000 - 0x000007fefcdbc000 	C:\Windows\system32\KERNELBASE.dll
0x000007fefe2a0000 - 0x000007fefe37b000 	C:\Windows\system32\ADVAPI32.dll
0x000007fefdcd0000 - 0x000007fefdd6f000 	C:\Windows\system32\msvcrt.dll
0x000007fefef80000 - 0x000007fefef9f000 	C:\Windows\SYSTEM32\sechost.dll
0x000007fefe160000 - 0x000007fefe28d000 	C:\Windows\system32\RPCRT4.dll
0x0000000076ba0000 - 0x0000000076c9a000 	C:\Windows\system32\USER32.dll
0x000007fefe6b0000 - 0x000007fefe717000 	C:\Windows\system32\GDI32.dll
0x000007fefed90000 - 0x000007fefed9e000 	C:\Windows\system32\LPK.dll
0x000007fefefa0000 - 0x000007feff069000 	C:\Windows\system32\USP10.dll
0x000007fefb0e0000 - 0x000007fefb2d4000 	C:\Windows\WinSxS\amd64_microsoft.windows.common-controls_6595b64144ccf1df_6.0.7601.17514_none_fa396087175ac9ac\COMCTL32.dll
0x000007fefe720000 - 0x000007fefe791000 	C:\Windows\system32\SHLWAPI.dll
0x000007fefe380000 - 0x000007fefe3ae000 	C:\Windows\system32\IMM32.DLL
0x000007fefec80000 - 0x000007fefed89000 	C:\Windows\system32\MSCTF.dll
0x000000006d510000 - 0x000000006d5e2000 	C:\Program Files\Java\jdk1.8.0_20\jre\bin\msvcr100.dll
0x000000006aef0000 - 0x000000006b748000 	C:\Program Files\Java\jdk1.8.0_20\jre\bin\server\jvm.dll
0x000007fef9d90000 - 0x000007fef9d99000 	C:\Windows\system32\WSOCK32.dll
0x000007fefeda0000 - 0x000007fefeded000 	C:\Windows\system32\WS2_32.dll
0x000007fefe290000 - 0x000007fefe298000 	C:\Windows\system32\NSI.dll
0x000007fefb5d0000 - 0x000007fefb60b000 	C:\Windows\system32\WINMM.dll
0x0000000076f80000 - 0x0000000076f87000 	C:\Windows\system32\PSAPI.DLL
0x0000000071ca0000 - 0x0000000071caf000 	C:\Program Files\Java\jdk1.8.0_20\jre\bin\verify.dll
0x000000006e710000 - 0x000000006e738000 	C:\Program Files\Java\jdk1.8.0_20\jre\bin\java.dll
0x0000000071a40000 - 0x0000000071a56000 	C:\Program Files\Java\jdk1.8.0_20\jre\bin\zip.dll
0x000007fefcf40000 - 0x000007fefdcc8000 	C:\Windows\system32\SHELL32.dll
0x000007fefea70000 - 0x000007fefec73000 	C:\Windows\system32\ole32.dll
0x000007fefcb90000 - 0x000007fefcb9f000 	C:\Windows\system32\profapi.dll

VM Arguments:
jvm_args: -Dfile.encoding=UTF-8 
java_command: planer.Planer
java_class_path (initial): C:\Users\Domen\Documents\GitHub\Planer\build\classes
Launcher Type: SUN_STANDARD

Environment Variables:
PATH=C:\ProgramData\Oracle\Java\javapath;c:\Program Files (x86)\AMD APP\bin\x86_64;c:\Program Files (x86)\AMD APP\bin\x86;C:\Windows\system32;C:\Windows;C:\Windows\System32\Wbem;C:\Windows\System32\WindowsPowerShell\v1.0\;C:\Program Files (x86)\Intel\OpenCL SDK\2.0\bin\x86;C:\Program Files (x86)\Intel\OpenCL SDK\2.0\bin\x64;c:\Program Files (x86)\ATI Technologies\ATI.ACE\Core-Static;C:\Program Files (x86)\clisp-2.49;C:\Program Files (x86)\Windows Kits\8.1\Windows Performance Toolkit\;C:\Program Files\Microsoft SQL Server\110\Tools\Binn\;E:\programs\MATLAB\runtime\win64;E:\programs\MATLAB\bin;E:\programs\MATLAB\polyspace\bin;C:\Program Files (x86)\Java\jre1.8.0_25\bin;C:\Program Files\Java\jdk1.8.0_20\bin;C:\Python27
USERNAME=Domen
OS=Windows_NT
PROCESSOR_IDENTIFIER=Intel64 Family 6 Model 42 Stepping 7, GenuineIntel



---------------  S Y S T E M  ---------------

OS: Windows 7 , 64 bit Build 7601 Service Pack 1

CPU:total 4 (2 cores per cpu, 2 threads per core) family 6 model 42 stepping 7, cmov, cx8, fxsr, mmx, sse, sse2, sse3, ssse3, sse4.1, sse4.2, popcnt, avx, aes, clmul, ht, tsc, tscinvbit

Memory: 4k page, physical 4099248k(163664k free), swap 5145960k(5196k free)

vm_info: Java HotSpot(TM) 64-Bit Server VM (25.20-b23) for windows-amd64 JRE (1.8.0_20-b26), built on Jul 30 2014 13:51:23 by "java_re" with MS VC++ 10.0 (VS2010)

time: Mon Jan 05 18:45:34 2015
elapsed time: 18 seconds (0d 0h 0m 18s)

