#
# There is insufficient memory for the Java Runtime Environment to continue.
# Native memory allocation (malloc) failed to allocate 1464016 bytes for Chunk::new
# Possible reasons:
#   The system is out of physical RAM or swap space
#   In 32 bit mode, the process size limit was hit
# Possible solutions:
#   Reduce memory load on the system
#   Increase physical memory or swap space
#   Check if swap backing store is full
#   Use 64 bit Java on a 64 bit OS
#   Decrease Java heap size (-Xmx/-Xms)
#   Decrease number of Java threads
#   Decrease Java thread stack sizes (-Xss)
#   Set larger code cache with -XX:ReservedCodeCacheSize=
# This output file may be truncated or incomplete.
#
#  Out of Memory Error (allocation.cpp:390), pid=7460, tid=512
#
# JRE version: Java(TM) SE Runtime Environment (8.0_20-b26) (build 1.8.0_20-b26)
# Java VM: Java HotSpot(TM) 64-Bit Server VM (25.20-b23 mixed mode windows-amd64 compressed oops)
# Failed to write core dump. Minidumps are not enabled by default on client versions of Windows
#

---------------  T H R E A D  ---------------

Current thread (0x0000000055095000):  JavaThread "C2 CompilerThread0" daemon [_thread_in_native, id=512, stack(0x0000000056840000,0x0000000056940000)]

Stack: [0x0000000056840000,0x0000000056940000]
Native frames: (J=compiled Java code, j=interpreted, Vv=VM code, C=native code)
V  [jvm.dll+0x3152fa]


Current CompileTask:
C2:    625  188       4       planer.Planer::check_Del_list (508 bytes)


---------------  P R O C E S S  ---------------

Java Threads: ( => current thread )
  0x00000000569c9000 JavaThread "Service Thread" daemon [_thread_blocked, id=7236, stack(0x0000000056e70000,0x0000000056f70000)]
  0x0000000056957000 JavaThread "C1 CompilerThread2" daemon [_thread_blocked, id=7852, stack(0x0000000056f70000,0x0000000057070000)]
  0x0000000056941000 JavaThread "C2 CompilerThread1" daemon [_thread_in_native, id=6720, stack(0x0000000056d70000,0x0000000056e70000)]
=>0x0000000055095000 JavaThread "C2 CompilerThread0" daemon [_thread_in_native, id=512, stack(0x0000000056840000,0x0000000056940000)]
  0x0000000055093800 JavaThread "Attach Listener" daemon [_thread_blocked, id=5744, stack(0x0000000056740000,0x0000000056840000)]
  0x0000000055090800 JavaThread "Signal Dispatcher" daemon [_thread_blocked, id=4908, stack(0x0000000056570000,0x0000000056670000)]
  0x0000000055034000 JavaThread "Finalizer" daemon [_thread_blocked, id=5732, stack(0x0000000056370000,0x0000000056470000)]
  0x000000005502b000 JavaThread "Reference Handler" daemon [_thread_blocked, id=3260, stack(0x0000000056020000,0x0000000056120000)]
  0x000000000228e000 JavaThread "main" [_thread_in_native, id=7856, stack(0x0000000002520000,0x0000000002620000)]

Other Threads:
  0x0000000055025800 VMThread [stack: 0x0000000056150000,0x0000000056250000] [id=6676]
  0x00000000569cc800 WatcherThread [stack: 0x0000000057140000,0x0000000057240000] [id=7528]

VM state:not at safepoint (normal execution)

VM Mutex/Monitor currently owned by a thread: None

Heap:
 PSYoungGen      total 18944K, used 11276K [0x00000000eb200000, 0x00000000ec700000, 0x0000000100000000)
  eden space 16384K, 64% used [0x00000000eb200000,0x00000000ebc5b120,0x00000000ec200000)
  from space 2560K, 26% used [0x00000000ec200000,0x00000000ec2a8020,0x00000000ec480000)
  to   space 2560K, 0% used [0x00000000ec480000,0x00000000ec480000,0x00000000ec700000)
 ParOldGen       total 44032K, used 8K [0x00000000c1600000, 0x00000000c4100000, 0x00000000eb200000)
  object space 44032K, 0% used [0x00000000c1600000,0x00000000c1602000,0x00000000c4100000)
 Metaspace       used 2643K, capacity 4552K, committed 4864K, reserved 1056768K
  class space    used 278K, capacity 388K, committed 512K, reserved 1048576K

Card table byte_map: [0x0000000011cb0000,0x0000000011eb0000] byte_map_base: 0x00000000116a5000

Marking Bits: (ParMarkBitMap*) 0x000000006b6cb460
 Begin Bits: [0x0000000012550000, 0x00000000134f8000)
 End Bits:   [0x00000000134f8000, 0x00000000144a0000)

Polling page: 0x0000000000330000

CodeCache: size=245760Kb used=1794Kb max_used=1794Kb free=243965Kb
 bounds [0x00000000028f0000, 0x0000000002b60000, 0x00000000118f0000]
 total_blobs=419 nmethods=187 adapters=146
 compilation: enabled

Compilation events (10 events):
Event: 0.430 Thread 0x0000000056957000 nmethod 184 0x0000000002aa32d0 code [0x0000000002aa3480, 0x0000000002aa3a98]
Event: 0.431 Thread 0x0000000056941000  185       4       planer.Planer::regression (114 bytes)
Event: 0.458 Thread 0x0000000056941000 nmethod 185 0x0000000002aaf4d0 code [0x0000000002aaf6c0, 0x0000000002ab0320]
Event: 0.458 Thread 0x0000000056941000  187       4       planer.Planer::check_add_list (718 bytes)
Event: 0.460 Thread 0x0000000055095000 nmethod 178 0x0000000002ab12d0 code [0x0000000002ab1520, 0x0000000002ab3c70]
Event: 0.460 Thread 0x0000000055095000  186       4       java.lang.StringBuilder::toString (17 bytes)
Event: 0.466 Thread 0x0000000055095000 nmethod 186 0x0000000002a93c10 code [0x0000000002a93d80, 0x0000000002a94178]
Event: 0.500 Thread 0x0000000055095000  188       4       planer.Planer::check_Del_list (508 bytes)
Event: 0.525 Thread 0x0000000056957000  190       3       planer.Planer::get_new_states (211 bytes)
Event: 0.529 Thread 0x0000000056957000 nmethod 190 0x0000000002aaa350 code [0x0000000002aaa820, 0x0000000002aad388]

GC Heap History (2 events):
Event: 0.469 GC heap before
{Heap before GC invocations=1 (full 0):
 PSYoungGen      total 18944K, used 16384K [0x00000000eb200000, 0x00000000ec700000, 0x0000000100000000)
  eden space 16384K, 100% used [0x00000000eb200000,0x00000000ec200000,0x00000000ec200000)
  from space 2560K, 0% used [0x00000000ec480000,0x00000000ec480000,0x00000000ec700000)
  to   space 2560K, 0% used [0x00000000ec200000,0x00000000ec200000,0x00000000ec480000)
 ParOldGen       total 44032K, used 0K [0x00000000c1600000, 0x00000000c4100000, 0x00000000eb200000)
  object space 44032K, 0% used [0x00000000c1600000,0x00000000c1600000,0x00000000c4100000)
 Metaspace       used 2638K, capacity 4552K, committed 4864K, reserved 1056768K
  class space    used 278K, capacity 388K, committed 512K, reserved 1048576K
Event: 0.488 GC heap after
Heap after GC invocations=1 (full 0):
 PSYoungGen      total 18944K, used 672K [0x00000000eb200000, 0x00000000ec700000, 0x0000000100000000)
  eden space 16384K, 0% used [0x00000000eb200000,0x00000000eb200000,0x00000000ec200000)
  from space 2560K, 26% used [0x00000000ec200000,0x00000000ec2a8020,0x00000000ec480000)
  to   space 2560K, 0% used [0x00000000ec480000,0x00000000ec480000,0x00000000ec700000)
 ParOldGen       total 44032K, used 8K [0x00000000c1600000, 0x00000000c4100000, 0x00000000eb200000)
  object space 44032K, 0% used [0x00000000c1600000,0x00000000c1602000,0x00000000c4100000)
 Metaspace       used 2638K, capacity 4552K, committed 4864K, reserved 1056768K
  class space    used 278K, capacity 388K, committed 512K, reserved 1048576K
}

Deoptimization events (0 events):
No events

Internal exceptions (8 events):
Event: 0.038 Thread 0x000000000228e000 Exception <a 'java/lang/NoSuchMethodError': Method sun.misc.Unsafe.defineClass(Ljava/lang/String;[BII)Ljava/lang/Class; name or signature does not match> (0x00000000eb211f88) thrown at [D:\re\workspace\8-2-build-windows-amd64-cygwin\jdk8u20\1074\hotspot\sr‰gîE£?
Event: 0.038 Thread 0x000000000228e000 Exception <a 'java/lang/NoSuchMethodError': Method sun.misc.Unsafe.prefetchRead(Ljava/lang/Object;J)V name or signature does not match> (0x00000000eb212218) thrown at [D:\re\workspace\8-2-build-windows-amd64-cygwin\jdk8u20\1074\hotspot\src\share\vm\prims\jÛ<‘bû·?
Event: 0.094 Thread 0x000000000228e000 Exception <a 'java/security/PrivilegedActionException'> (0x00000000eb2b0998) thrown at [D:\re\workspace\8-2-build-windows-amd64-cygwin\jdk8u20\1074\hotspot\src\share\vm\prims\jvm.cpp, line 1275]
Event: 0.105 Thread 0x000000000228e000 Exception <a 'java/security/PrivilegedActionException'> (0x00000000eb2c2eb8) thrown at [D:\re\workspace\8-2-build-windows-amd64-cygwin\jdk8u20\1074\hotspot\src\share\vm\prims\jvm.cpp, line 1275]
Event: 0.108 Thread 0x000000000228e000 Exception <a 'java/security/PrivilegedActionException'> (0x00000000eb2c4d28) thrown at [D:\re\workspace\8-2-build-windows-amd64-cygwin\jdk8u20\1074\hotspot\src\share\vm\prims\jvm.cpp, line 1275]
Event: 0.110 Thread 0x000000000228e000 Exception <a 'java/security/PrivilegedActionException'> (0x00000000eb2c68d0) thrown at [D:\re\workspace\8-2-build-windows-amd64-cygwin\jdk8u20\1074\hotspot\src\share\vm\prims\jvm.cpp, line 1275]
Event: 0.111 Thread 0x000000000228e000 Exception <a 'java/security/PrivilegedActionException'> (0x00000000eb2c8db0) thrown at [D:\re\workspace\8-2-build-windows-amd64-cygwin\jdk8u20\1074\hotspot\src\share\vm\prims\jvm.cpp, line 1275]
Event: 0.115 Thread 0x000000000228e000 Exception <a 'java/security/PrivilegedActionException'> (0x00000000eb2d0360) thrown at [D:\re\workspace\8-2-build-windows-amd64-cygwin\jdk8u20\1074\hotspot\src\share\vm\prims\jvm.cpp, line 1275]

Events (10 events):
Event: 0.121 loading class java/util/TimSort
Event: 0.121 loading class java/util/TimSort done
Event: 0.198 Thread 0x000000000228e000 DEOPT PACKING pc=0x0000000002a1f8a3 sp=0x000000000261ea10
Event: 0.198 Thread 0x000000000228e000 DEOPT UNPACKING pc=0x00000000029375bf sp=0x000000000261e828 mode 0
Event: 0.247 loading class java/util/ArrayList$1
Event: 0.247 loading class java/util/ArrayList$1 done
Event: 0.469 Executing VM operation: ParallelGCFailedAllocation
Event: 0.488 Executing VM operation: ParallelGCFailedAllocation done
Event: 0.488 loading class sun/misc/Cleaner
Event: 0.488 loading class sun/misc/Cleaner done


Dynamic libraries:
0x000000013fe60000 - 0x000000013fe94000 	C:\Program Files\Java\jdk1.8.0_20\bin\java.exe
0x0000000076dc0000 - 0x0000000076f69000 	C:\Windows\SYSTEM32\ntdll.dll
0x0000000076ca0000 - 0x0000000076dbf000 	C:\Windows\system32\kernel32.dll
0x000007fefcd50000 - 0x000007fefcdbc000 	C:\Windows\system32\KERNELBASE.dll
0x000007fefe2a0000 - 0x000007fefe37b000 	C:\Windows\system32\ADVAPI32.dll
0x000007fefdcd0000 - 0x000007fefdd6f000 	C:\Windows\system32\msvcrt.dll
0x000007fefef80000 - 0x000007fefef9f000 	C:\Windows\SYSTEM32\sechost.dll
0x000007fefe160000 - 0x000007fefe28d000 	C:\Windows\system32\RPCRT4.dll
0x0000000076ba0000 - 0x0000000076c9a000 	C:\Windows\system32\USER32.dll
0x000007fefe6b0000 - 0x000007fefe717000 	C:\Windows\system32\GDI32.dll
0x000007fefed90000 - 0x000007fefed9e000 	C:\Windows\system32\LPK.dll
0x000007fefefa0000 - 0x000007feff069000 	C:\Windows\system32\USP10.dll
0x000007fefb0e0000 - 0x000007fefb2d4000 	C:\Windows\WinSxS\amd64_microsoft.windows.common-controls_6595b64144ccf1df_6.0.7601.17514_none_fa396087175ac9ac\COMCTL32.dll
0x000007fefe720000 - 0x000007fefe791000 	C:\Windows\system32\SHLWAPI.dll
0x000007fefe380000 - 0x000007fefe3ae000 	C:\Windows\system32\IMM32.DLL
0x000007fefec80000 - 0x000007fefed89000 	C:\Windows\system32\MSCTF.dll
0x000000006d510000 - 0x000000006d5e2000 	C:\Program Files\Java\jdk1.8.0_20\jre\bin\msvcr100.dll
0x000000006aef0000 - 0x000000006b748000 	C:\Program Files\Java\jdk1.8.0_20\jre\bin\server\jvm.dll
0x000007fef9d90000 - 0x000007fef9d99000 	C:\Windows\system32\WSOCK32.dll
0x000007fefeda0000 - 0x000007fefeded000 	C:\Windows\system32\WS2_32.dll
0x000007fefe290000 - 0x000007fefe298000 	C:\Windows\system32\NSI.dll
0x000007fefb5d0000 - 0x000007fefb60b000 	C:\Windows\system32\WINMM.dll
0x0000000076f80000 - 0x0000000076f87000 	C:\Windows\system32\PSAPI.DLL
0x0000000071ca0000 - 0x0000000071caf000 	C:\Program Files\Java\jdk1.8.0_20\jre\bin\verify.dll
0x000000006e710000 - 0x000000006e738000 	C:\Program Files\Java\jdk1.8.0_20\jre\bin\java.dll
0x0000000071a40000 - 0x0000000071a56000 	C:\Program Files\Java\jdk1.8.0_20\jre\bin\zip.dll
0x000007fefcf40000 - 0x000007fefdcc8000 	C:\Windows\system32\SHELL32.dll
0x000007fefea70000 - 0x000007fefec73000 	C:\Windows\system32\ole32.dll
0x000007fefcb90000 - 0x000007fefcb9f000 	C:\Windows\system32\profapi.dll

VM Arguments:
jvm_args: -Dfile.encoding=UTF-8 
java_command: planer.Planer
java_class_path (initial): C:\Users\Domen\Documents\GitHub\Planer\build\classes
Launcher Type: SUN_STANDARD

Environment Variables:
PATH=C:\ProgramData\Oracle\Java\javapath;c:\Program Files (x86)\AMD APP\bin\x86_64;c:\Program Files (x86)\AMD APP\bin\x86;C:\Windows\system32;C:\Windows;C:\Windows\System32\Wbem;C:\Windows\System32\WindowsPowerShell\v1.0\;C:\Program Files (x86)\Intel\OpenCL SDK\2.0\bin\x86;C:\Program Files (x86)\Intel\OpenCL SDK\2.0\bin\x64;c:\Program Files (x86)\ATI Technologies\ATI.ACE\Core-Static;C:\Program Files (x86)\clisp-2.49;C:\Program Files (x86)\Windows Kits\8.1\Windows Performance Toolkit\;C:\Program Files\Microsoft SQL Server\110\Tools\Binn\;E:\programs\MATLAB\runtime\win64;E:\programs\MATLAB\bin;E:\programs\MATLAB\polyspace\bin;C:\Program Files (x86)\Java\jre1.8.0_25\bin;C:\Program Files\Java\jdk1.8.0_20\bin;C:\Python27
USERNAME=Domen
OS=Windows_NT
PROCESSOR_IDENTIFIER=Intel64 Family 6 Model 42 Stepping 7, GenuineIntel



---------------  S Y S T E M  ---------------

OS: Windows 7 , 64 bit Build 7601 Service Pack 1

CPU:total 4 (2 cores per cpu, 2 threads per core) family 6 model 42 stepping 7, cmov, cx8, fxsr, mmx, sse, sse2, sse3, ssse3, sse4.1, sse4.2, popcnt, avx, aes, clmul, ht, tsc, tscinvbit

Memory: 4k page, physical 4099248k(147304k free), swap 5145960k(4988k free)

vm_info: Java HotSpot(TM) 64-Bit Server VM (25.20-b23) for windows-amd64 JRE (1.8.0_20-b26), built on Jul 30 2014 13:51:23 by "java_re" with MS VC++ 10.0 (VS2010)

time: Mon Jan 05 18:27:24 2015
elapsed time: 0 seconds (0d 0h 0m 0s)

