#
# There is insufficient memory for the Java Runtime Environment to continue.
# Native memory allocation (malloc) failed to allocate 587136 bytes for Chunk::new
# Possible reasons:
#   The system is out of physical RAM or swap space
#   In 32 bit mode, the process size limit was hit
# Possible solutions:
#   Reduce memory load on the system
#   Increase physical memory or swap space
#   Check if swap backing store is full
#   Use 64 bit Java on a 64 bit OS
#   Decrease Java heap size (-Xmx/-Xms)
#   Decrease number of Java threads
#   Decrease Java thread stack sizes (-Xss)
#   Set larger code cache with -XX:ReservedCodeCacheSize=
# This output file may be truncated or incomplete.
#
#  Out of Memory Error (allocation.cpp:390), pid=8040, tid=8656
#
# JRE version: Java(TM) SE Runtime Environment (8.0_20-b26) (build 1.8.0_20-b26)
# Java VM: Java HotSpot(TM) 64-Bit Server VM (25.20-b23 mixed mode windows-amd64 compressed oops)
# Failed to write core dump. Minidumps are not enabled by default on client versions of Windows
#

---------------  T H R E A D  ---------------

Current thread (0x000000005678b000):  JavaThread "C2 CompilerThread0" daemon [_thread_in_native, id=8656, stack(0x0000000057100000,0x0000000057200000)]

Stack: [0x0000000057100000,0x0000000057200000]
Native frames: (J=compiled Java code, j=interpreted, Vv=VM code, C=native code)
V  [jvm.dll+0x3152fa]


Current CompileTask:
C2:  10264  221       4       planer.Planer::states_equal (213 bytes)


---------------  P R O C E S S  ---------------

Java Threads: ( => current thread )
  0x00000000567e6000 JavaThread "Service Thread" daemon [_thread_blocked, id=8924, stack(0x0000000057650000,0x0000000057750000)]
  0x00000000567e0800 JavaThread "C1 CompilerThread2" daemon [_thread_blocked, id=8556, stack(0x0000000057510000,0x0000000057610000)]
  0x00000000567df800 JavaThread "C2 CompilerThread1" daemon [_thread_blocked, id=9184, stack(0x0000000057360000,0x0000000057460000)]
=>0x000000005678b000 JavaThread "C2 CompilerThread0" daemon [_thread_in_native, id=8656, stack(0x0000000057100000,0x0000000057200000)]
  0x000000005677a800 JavaThread "JDWP Event Helper Thread" daemon [_thread_blocked, id=5732, stack(0x0000000056ec0000,0x0000000056fc0000)]
  0x00000000550ef000 JavaThread "JDWP Transport Listener: dt_shmem" daemon [_thread_in_native, id=8480, stack(0x0000000056c20000,0x0000000056d20000)]
  0x00000000550e6000 JavaThread "Attach Listener" daemon [_thread_blocked, id=8400, stack(0x0000000056050000,0x0000000056150000)]
  0x00000000550e2800 JavaThread "Signal Dispatcher" daemon [_thread_blocked, id=6080, stack(0x0000000056670000,0x0000000056770000)]
  0x0000000055085000 JavaThread "Finalizer" daemon [_thread_blocked, id=6108, stack(0x0000000056440000,0x0000000056540000)]
  0x000000005507b800 JavaThread "Reference Handler" daemon [_thread_blocked, id=3496, stack(0x0000000056260000,0x0000000056360000)]
  0x00000000021cf000 JavaThread "main" [_thread_in_Java, id=7852, stack(0x00000000024f0000,0x00000000025f0000)]

Other Threads:
  0x0000000055076000 VMThread [stack: 0x0000000056150000,0x0000000056250000] [id=8408]
  0x00000000567ea800 WatcherThread [stack: 0x0000000057230000,0x0000000057330000] [id=9052]

VM state:not at safepoint (normal execution)

VM Mutex/Monitor currently owned by a thread: None

Heap:
 PSYoungGen      total 133120K, used 42066K [0x00000000eb200000, 0x00000000f6980000, 0x0000000100000000)
  eden space 130560K, 31% used [0x00000000eb200000,0x00000000edacc848,0x00000000f3180000)
  from space 2560K, 11% used [0x00000000f3180000,0x00000000f31c8000,0x00000000f3400000)
  to   space 2560K, 0% used [0x00000000f6700000,0x00000000f6700000,0x00000000f6980000)
 ParOldGen       total 44032K, used 4675K [0x00000000c1600000, 0x00000000c4100000, 0x00000000eb200000)
  object space 44032K, 10% used [0x00000000c1600000,0x00000000c1a90dc8,0x00000000c4100000)
 Metaspace       used 2673K, capacity 4552K, committed 4864K, reserved 1056768K
  class space    used 278K, capacity 388K, committed 512K, reserved 1048576K

Card table byte_map: [0x0000000011c80000,0x0000000011e80000] byte_map_base: 0x0000000011675000

Marking Bits: (ParMarkBitMap*) 0x000000006b6cb460
 Begin Bits: [0x00000000125a0000, 0x0000000013548000)
 End Bits:   [0x0000000013548000, 0x00000000144f0000)

Polling page: 0x0000000000230000

CodeCache: size=245760Kb used=2183Kb max_used=2200Kb free=243576Kb
 bounds [0x00000000028c0000, 0x0000000002b30000, 0x00000000118c0000]
 total_blobs=444 nmethods=220 adapters=146
 compilation: enabled

Compilation events (10 events):
Event: 7.493 Thread 0x000000005678b000 nmethod 216 0x0000000002a993d0 code [0x0000000002a99540, 0x0000000002a99c58]
Event: 7.783 Thread 0x00000000567df800  217       4       planer.Planer::get_new_states (211 bytes)
Event: 7.948 Thread 0x00000000567df800 nmethod 217 0x0000000002ae2c10 code [0x0000000002ae3020, 0x0000000002ae6138]
Event: 8.025 Thread 0x000000005678b000  218       4       java.lang.AbstractStringBuilder::<init> (12 bytes)
Event: 8.027 Thread 0x000000005678b000 nmethod 218 0x0000000002ac8610 code [0x0000000002ac8760, 0x0000000002ac8878]
Event: 8.222 Thread 0x00000000567df800  219       4       java.nio.ByteBuffer::arrayOffset (35 bytes)
Event: 8.222 Thread 0x00000000567df800 nmethod 219 0x0000000002aca710 code [0x0000000002aca840, 0x0000000002aca8d8]
Event: 8.286 Thread 0x00000000567df800  220       4       java.util.ArrayList::sort (48 bytes)
Event: 8.325 Thread 0x00000000567df800 nmethod 220 0x0000000002adff90 code [0x0000000002ae01a0, 0x0000000002ae17a0]
Event: 10.233 Thread 0x000000005678b000  221       4       planer.Planer::states_equal (213 bytes)

GC Heap History (10 events):
Event: 8.679 GC heap before
{Heap before GC invocations=13 (full 0):
 PSYoungGen      total 132608K, used 130816K [0x00000000eb200000, 0x00000000f3700000, 0x0000000100000000)
  eden space 130560K, 100% used [0x00000000eb200000,0x00000000f3180000,0x00000000f3180000)
  from space 2048K, 12% used [0x00000000f3400000,0x00000000f3440000,0x00000000f3600000)
  to   space 2560K, 0% used [0x00000000f3180000,0x00000000f3180000,0x00000000f3400000)
 ParOldGen       total 44032K, used 3548K [0x00000000c1600000, 0x00000000c4100000, 0x00000000eb200000)
  object space 44032K, 8% used [0x00000000c1600000,0x00000000c19770c8,0x00000000c4100000)
 Metaspace       used 2673K, capacity 4552K, committed 4864K, reserved 1056768K
  class space    used 278K, capacity 388K, committed 512K, reserved 1048576K
Event: 8.715 GC heap after
Heap after GC invocations=13 (full 0):
 PSYoungGen      total 133120K, used 256K [0x00000000eb200000, 0x00000000f3700000, 0x0000000100000000)
  eden space 130560K, 0% used [0x00000000eb200000,0x00000000eb200000,0x00000000f3180000)
  from space 2560K, 10% used [0x00000000f3180000,0x00000000f31c0000,0x00000000f3400000)
  to   space 2048K, 0% used [0x00000000f3400000,0x00000000f3400000,0x00000000f3600000)
 ParOldGen       total 44032K, used 3764K [0x00000000c1600000, 0x00000000c4100000, 0x00000000eb200000)
  object space 44032K, 8% used [0x00000000c1600000,0x00000000c19ad0c8,0x00000000c4100000)
 Metaspace       used 2673K, capacity 4552K, committed 4864K, reserved 1056768K
  class space    used 278K, capacity 388K, committed 512K, reserved 1048576K
}
Event: 9.004 GC heap before
{Heap before GC invocations=14 (full 0):
 PSYoungGen      total 133120K, used 130816K [0x00000000eb200000, 0x00000000f3700000, 0x0000000100000000)
  eden space 130560K, 100% used [0x00000000eb200000,0x00000000f3180000,0x00000000f3180000)
  from space 2560K, 10% used [0x00000000f3180000,0x00000000f31c0000,0x00000000f3400000)
  to   space 2048K, 0% used [0x00000000f3400000,0x00000000f3400000,0x00000000f3600000)
 ParOldGen       total 44032K, used 3764K [0x00000000c1600000, 0x00000000c4100000, 0x00000000eb200000)
  object space 44032K, 8% used [0x00000000c1600000,0x00000000c19ad0c8,0x00000000c4100000)
 Metaspace       used 2673K, capacity 4552K, committed 4864K, reserved 1056768K
  class space    used 278K, capacity 388K, committed 512K, reserved 1048576K
Event: 9.005 GC heap after
Heap after GC invocations=14 (full 0):
 PSYoungGen      total 132608K, used 288K [0x00000000eb200000, 0x00000000f3700000, 0x0000000100000000)
  eden space 130560K, 0% used [0x00000000eb200000,0x00000000eb200000,0x00000000f3180000)
  from space 2048K, 14% used [0x00000000f3400000,0x00000000f3448000,0x00000000f3600000)
  to   space 2560K, 0% used [0x00000000f3180000,0x00000000f3180000,0x00000000f3400000)
 ParOldGen       total 44032K, used 3972K [0x00000000c1600000, 0x00000000c4100000, 0x00000000eb200000)
  object space 44032K, 9% used [0x00000000c1600000,0x00000000c19e10c8,0x00000000c4100000)
 Metaspace       used 2673K, capacity 4552K, committed 4864K, reserved 1056768K
  class space    used 278K, capacity 388K, committed 512K, reserved 1048576K
}
Event: 9.270 GC heap before
{Heap before GC invocations=15 (full 0):
 PSYoungGen      total 132608K, used 130848K [0x00000000eb200000, 0x00000000f3700000, 0x0000000100000000)
  eden space 130560K, 100% used [0x00000000eb200000,0x00000000f3180000,0x00000000f3180000)
  from space 2048K, 14% used [0x00000000f3400000,0x00000000f3448000,0x00000000f3600000)
  to   space 2560K, 0% used [0x00000000f3180000,0x00000000f3180000,0x00000000f3400000)
 ParOldGen       total 44032K, used 3972K [0x00000000c1600000, 0x00000000c4100000, 0x00000000eb200000)
  object space 44032K, 9% used [0x00000000c1600000,0x00000000c19e10c8,0x00000000c4100000)
 Metaspace       used 2673K, capacity 4552K, committed 4864K, reserved 1056768K
  class space    used 278K, capacity 388K, committed 512K, reserved 1048576K
Event: 9.278 GC heap after
Heap after GC invocations=15 (full 0):
 PSYoungGen      total 133120K, used 256K [0x00000000eb200000, 0x00000000f3700000, 0x0000000100000000)
  eden space 130560K, 0% used [0x00000000eb200000,0x00000000eb200000,0x00000000f3180000)
  from space 2560K, 10% used [0x00000000f3180000,0x00000000f31c0000,0x00000000f3400000)
  to   space 2048K, 0% used [0x00000000f3400000,0x00000000f3400000,0x00000000f3600000)
 ParOldGen       total 44032K, used 4212K [0x00000000c1600000, 0x00000000c4100000, 0x00000000eb200000)
  object space 44032K, 9% used [0x00000000c1600000,0x00000000c1a1d0c8,0x00000000c4100000)
 Metaspace       used 2673K, capacity 4552K, committed 4864K, reserved 1056768K
  class space    used 278K, capacity 388K, committed 512K, reserved 1048576K
}
Event: 9.594 GC heap before
{Heap before GC invocations=16 (full 0):
 PSYoungGen      total 133120K, used 130816K [0x00000000eb200000, 0x00000000f3700000, 0x0000000100000000)
  eden space 130560K, 100% used [0x00000000eb200000,0x00000000f3180000,0x00000000f3180000)
  from space 2560K, 10% used [0x00000000f3180000,0x00000000f31c0000,0x00000000f3400000)
  to   space 2048K, 0% used [0x00000000f3400000,0x00000000f3400000,0x00000000f3600000)
 ParOldGen       total 44032K, used 4212K [0x00000000c1600000, 0x00000000c4100000, 0x00000000eb200000)
  object space 44032K, 9% used [0x00000000c1600000,0x00000000c1a1d0c8,0x00000000c4100000)
 Metaspace       used 2673K, capacity 4552K, committed 4864K, reserved 1056768K
  class space    used 278K, capacity 388K, committed 512K, reserved 1048576K
Event: 9.691 GC heap after
Heap after GC invocations=16 (full 0):
 PSYoungGen      total 132608K, used 256K [0x00000000eb200000, 0x00000000f3700000, 0x0000000100000000)
  eden space 130560K, 0% used [0x00000000eb200000,0x00000000eb200000,0x00000000f3180000)
  from space 2048K, 12% used [0x00000000f3400000,0x00000000f3440000,0x00000000f3600000)
  to   space 2560K, 0% used [0x00000000f3180000,0x00000000f3180000,0x00000000f3400000)
 ParOldGen       total 44032K, used 4436K [0x00000000c1600000, 0x00000000c4100000, 0x00000000eb200000)
  object space 44032K, 10% used [0x00000000c1600000,0x00000000c1a550c8,0x00000000c4100000)
 Metaspace       used 2673K, capacity 4552K, committed 4864K, reserved 1056768K
  class space    used 278K, capacity 388K, committed 512K, reserved 1048576K
}
Event: 10.169 GC heap before
{Heap before GC invocations=17 (full 0):
 PSYoungGen      total 132608K, used 130816K [0x00000000eb200000, 0x00000000f3700000, 0x0000000100000000)
  eden space 130560K, 100% used [0x00000000eb200000,0x00000000f3180000,0x00000000f3180000)
  from space 2048K, 12% used [0x00000000f3400000,0x00000000f3440000,0x00000000f3600000)
  to   space 2560K, 0% used [0x00000000f3180000,0x00000000f3180000,0x00000000f3400000)
 ParOldGen       total 44032K, used 4436K [0x00000000c1600000, 0x00000000c4100000, 0x00000000eb200000)
  object space 44032K, 10% used [0x00000000c1600000,0x00000000c1a550c8,0x00000000c4100000)
 Metaspace       used 2673K, capacity 4552K, committed 4864K, reserved 1056768K
  class space    used 278K, capacity 388K, committed 512K, reserved 1048576K
Event: 10.176 GC heap after
Heap after GC invocations=17 (full 0):
 PSYoungGen      total 133120K, used 288K [0x00000000eb200000, 0x00000000f6980000, 0x0000000100000000)
  eden space 130560K, 0% used [0x00000000eb200000,0x00000000eb200000,0x00000000f3180000)
  from space 2560K, 11% used [0x00000000f3180000,0x00000000f31c8000,0x00000000f3400000)
  to   space 2560K, 0% used [0x00000000f6700000,0x00000000f6700000,0x00000000f6980000)
 ParOldGen       total 44032K, used 4675K [0x00000000c1600000, 0x00000000c4100000, 0x00000000eb200000)
  object space 44032K, 10% used [0x00000000c1600000,0x00000000c1a90dc8,0x00000000c4100000)
 Metaspace       used 2673K, capacity 4552K, committed 4864K, reserved 1056768K
  class space    used 278K, capacity 388K, committed 512K, reserved 1048576K
}

Deoptimization events (0 events):
No events

Internal exceptions (7 events):
Event: 0.070 Thread 0x00000000021cf000 Exception <a 'java/lang/NoSuchMethodError': Method sun.misc.Unsafe.defineClass(Ljava/lang/String;[BII)Ljava/lang/Class; name or signature does not match> (0x00000000eb212160) thrown at [D:\re\workspace\8-2-build-windows-amd64-cygwin\jdk8u20\1074\hotspot\sr=¥Qgé±?
Event: 0.070 Thread 0x00000000021cf000 Exception <a 'java/lang/NoSuchMethodError': Method sun.misc.Unsafe.prefetchRead(Ljava/lang/Object;J)V name or signature does not match> (0x00000000eb2123f0) thrown at [D:\re\workspace\8-2-build-windows-amd64-cygwin\jdk8u20\1074\hotspot\src\share\vm\prims\j0Zwl;U
@
Event: 3.292 Thread 0x00000000021cf000 Exception <a 'java/security/PrivilegedActionException'> (0x00000000eb304098) thrown at [D:\re\workspace\8-2-build-windows-amd64-cygwin\jdk8u20\1074\hotspot\src\share\vm\prims\jvm.cpp, line 1275]
Event: 3.515 Thread 0x00000000021cf000 Exception <a 'java/security/PrivilegedActionException'> (0x00000000eb3160d8) thrown at [D:\re\workspace\8-2-build-windows-amd64-cygwin\jdk8u20\1074\hotspot\src\share\vm\prims\jvm.cpp, line 1275]
Event: 3.517 Thread 0x00000000021cf000 Exception <a 'java/security/PrivilegedActionException'> (0x00000000eb317e90) thrown at [D:\re\workspace\8-2-build-windows-amd64-cygwin\jdk8u20\1074\hotspot\src\share\vm\prims\jvm.cpp, line 1275]
Event: 3.521 Thread 0x00000000021cf000 Exception <a 'java/security/PrivilegedActionException'> (0x00000000eb31a920) thrown at [D:\re\workspace\8-2-build-windows-amd64-cygwin\jdk8u20\1074\hotspot\src\share\vm\prims\jvm.cpp, line 1275]
Event: 3.527 Thread 0x00000000021cf000 Exception <a 'java/security/PrivilegedActionException'> (0x00000000eb321ce8) thrown at [D:\re\workspace\8-2-build-windows-amd64-cygwin\jdk8u20\1074\hotspot\src\share\vm\prims\jvm.cpp, line 1275]

Events (10 events):
Event: 10.237 Thread 0x00000000021cf000 DEOPT PACKING pc=0x0000000002a793c3 sp=0x00000000025ef310
Event: 10.237 Thread 0x00000000021cf000 DEOPT UNPACKING pc=0x00000000029075bf sp=0x00000000025ef0d8 mode 0
Event: 10.237 Thread 0x00000000021cf000 DEOPT PACKING pc=0x0000000002a793c3 sp=0x00000000025ef310
Event: 10.237 Thread 0x00000000021cf000 DEOPT UNPACKING pc=0x00000000029075bf sp=0x00000000025ef0d8 mode 0
Event: 10.238 Thread 0x00000000021cf000 DEOPT PACKING pc=0x0000000002a793c3 sp=0x00000000025ef310
Event: 10.238 Thread 0x00000000021cf000 DEOPT UNPACKING pc=0x00000000029075bf sp=0x00000000025ef0d8 mode 0
Event: 10.239 Thread 0x00000000021cf000 DEOPT PACKING pc=0x0000000002a793c3 sp=0x00000000025ef310
Event: 10.239 Thread 0x00000000021cf000 DEOPT UNPACKING pc=0x00000000029075bf sp=0x00000000025ef0d8 mode 0
Event: 10.240 Thread 0x00000000021cf000 DEOPT PACKING pc=0x0000000002a793c3 sp=0x00000000025ef310
Event: 10.240 Thread 0x00000000021cf000 DEOPT UNPACKING pc=0x00000000029075bf sp=0x00000000025ef0d8 mode 0


Dynamic libraries:
0x000000013f730000 - 0x000000013f764000 	C:\Program Files\Java\jdk1.8.0_20\bin\java.exe
0x0000000076dc0000 - 0x0000000076f69000 	C:\Windows\SYSTEM32\ntdll.dll
0x0000000076ca0000 - 0x0000000076dbf000 	C:\Windows\system32\kernel32.dll
0x000007fefcd50000 - 0x000007fefcdbc000 	C:\Windows\system32\KERNELBASE.dll
0x000007fefe2a0000 - 0x000007fefe37b000 	C:\Windows\system32\ADVAPI32.dll
0x000007fefdcd0000 - 0x000007fefdd6f000 	C:\Windows\system32\msvcrt.dll
0x000007fefef80000 - 0x000007fefef9f000 	C:\Windows\SYSTEM32\sechost.dll
0x000007fefe160000 - 0x000007fefe28d000 	C:\Windows\system32\RPCRT4.dll
0x0000000076ba0000 - 0x0000000076c9a000 	C:\Windows\system32\USER32.dll
0x000007fefe6b0000 - 0x000007fefe717000 	C:\Windows\system32\GDI32.dll
0x000007fefed90000 - 0x000007fefed9e000 	C:\Windows\system32\LPK.dll
0x000007fefefa0000 - 0x000007feff069000 	C:\Windows\system32\USP10.dll
0x000007fefb0e0000 - 0x000007fefb2d4000 	C:\Windows\WinSxS\amd64_microsoft.windows.common-controls_6595b64144ccf1df_6.0.7601.17514_none_fa396087175ac9ac\COMCTL32.dll
0x000007fefe720000 - 0x000007fefe791000 	C:\Windows\system32\SHLWAPI.dll
0x000007fefe380000 - 0x000007fefe3ae000 	C:\Windows\system32\IMM32.DLL
0x000007fefec80000 - 0x000007fefed89000 	C:\Windows\system32\MSCTF.dll
0x000000006d510000 - 0x000000006d5e2000 	C:\Program Files\Java\jdk1.8.0_20\jre\bin\msvcr100.dll
0x000000006aef0000 - 0x000000006b748000 	C:\Program Files\Java\jdk1.8.0_20\jre\bin\server\jvm.dll
0x000007fef9d90000 - 0x000007fef9d99000 	C:\Windows\system32\WSOCK32.dll
0x000007fefeda0000 - 0x000007fefeded000 	C:\Windows\system32\WS2_32.dll
0x000007fefe290000 - 0x000007fefe298000 	C:\Windows\system32\NSI.dll
0x000007fefb5d0000 - 0x000007fefb60b000 	C:\Windows\system32\WINMM.dll
0x0000000076f80000 - 0x0000000076f87000 	C:\Windows\system32\PSAPI.DLL
0x0000000071ca0000 - 0x0000000071caf000 	C:\Program Files\Java\jdk1.8.0_20\jre\bin\verify.dll
0x0000000071a30000 - 0x0000000071a58000 	C:\Program Files\Java\jdk1.8.0_20\jre\bin\java.dll
0x000000006dc10000 - 0x000000006dc45000 	C:\Program Files\Java\jdk1.8.0_20\jre\bin\jdwp.dll
0x0000000071a20000 - 0x0000000071a28000 	C:\Program Files\Java\jdk1.8.0_20\jre\bin\npt.dll
0x000000006e720000 - 0x000000006e736000 	C:\Program Files\Java\jdk1.8.0_20\jre\bin\zip.dll
0x000007fefcf40000 - 0x000007fefdcc8000 	C:\Windows\system32\SHELL32.dll
0x000007fefea70000 - 0x000007fefec73000 	C:\Windows\system32\ole32.dll
0x000007fefcb90000 - 0x000007fefcb9f000 	C:\Windows\system32\profapi.dll
0x0000000071c40000 - 0x0000000071c4b000 	C:\Program Files\Java\jdk1.8.0_20\jre\bin\dt_shmem.dll

VM Arguments:
jvm_args: -Xdebug -Xrunjdwp:transport=dt_shmem,address=javadebug -Dfile.encoding=UTF-8 
java_command: planer.Planer
java_class_path (initial): C:\Users\Domen\Documents\GitHub\Planer\build\classes
Launcher Type: SUN_STANDARD

Environment Variables:
PATH=C:\ProgramData\Oracle\Java\javapath;c:\Program Files (x86)\AMD APP\bin\x86_64;c:\Program Files (x86)\AMD APP\bin\x86;C:\Windows\system32;C:\Windows;C:\Windows\System32\Wbem;C:\Windows\System32\WindowsPowerShell\v1.0\;C:\Program Files (x86)\Intel\OpenCL SDK\2.0\bin\x86;C:\Program Files (x86)\Intel\OpenCL SDK\2.0\bin\x64;c:\Program Files (x86)\ATI Technologies\ATI.ACE\Core-Static;C:\Program Files (x86)\clisp-2.49;C:\Program Files (x86)\Windows Kits\8.1\Windows Performance Toolkit\;C:\Program Files\Microsoft SQL Server\110\Tools\Binn\;E:\programs\MATLAB\runtime\win64;E:\programs\MATLAB\bin;E:\programs\MATLAB\polyspace\bin;C:\Program Files (x86)\Java\jre1.8.0_25\bin;C:\Program Files\Java\jdk1.8.0_20\bin;C:\Python27
USERNAME=Domen
OS=Windows_NT
PROCESSOR_IDENTIFIER=Intel64 Family 6 Model 42 Stepping 7, GenuineIntel



---------------  S Y S T E M  ---------------

OS: Windows 7 , 64 bit Build 7601 Service Pack 1

CPU:total 4 (2 cores per cpu, 2 threads per core) family 6 model 42 stepping 7, cmov, cx8, fxsr, mmx, sse, sse2, sse3, ssse3, sse4.1, sse4.2, popcnt, avx, aes, clmul, ht, tsc, tscinvbit

Memory: 4k page, physical 4099248k(271576k free), swap 5145960k(5148k free)

vm_info: Java HotSpot(TM) 64-Bit Server VM (25.20-b23) for windows-amd64 JRE (1.8.0_20-b26), built on Jul 30 2014 13:51:23 by "java_re" with MS VC++ 10.0 (VS2010)

time: Mon Jan 05 19:05:39 2015
elapsed time: 10 seconds (0d 0h 0m 10s)

